#
# A fatal error has been detected by the Java Runtime Environment:
#
#  SIGBUS (0xa) at pc=0x000000010bd854f0, pid=57594, tid=34831
#
# JRE version: OpenJDK Runtime Environment Temurin-17.0.2+8 (17.0.2+8) (build 17.0.2+8)
# Java VM: OpenJDK 64-Bit Server VM Temurin-17.0.2+8 (17.0.2+8, mixed mode, tiered, compressed oops, compressed class ptrs, g1 gc, bsd-aarch64)
# Problematic frame:
# v  ~StubRoutines::SafeFetchN
#
# No core dump will be written. Core dumps have been disabled. To enable core dumping, try "ulimit -c unlimited" before starting Java again
#
# If you would like to submit a bug report, please visit:
#   https://github.com/adoptium/adoptium-support/issues
# The crash happened outside the Java Virtual Machine in native code.
# See problematic frame for where to report the bug.
#

---------------  S U M M A R Y ------------

Command Line: -XX:+ShowCodeDetailsInExceptionMessages --module-path=/Users/ellawipatene/Downloads/UNI/2022/COMP261/assignment-3-master/target/classes:/Users/ellawipatene/.m2/repository/org/openjfx/javafx-controls/17/javafx-controls-17-mac-aarch64.jar:/Users/ellawipatene/.m2/repository/org/openjfx/javafx-graphics/17/javafx-graphics-17-mac-aarch64.jar:/Users/ellawipatene/.m2/repository/org/openjfx/javafx-base/17/javafx-base-17-mac-aarch64.jar:/Users/ellawipatene/.m2/repository/org/openjfx/javafx-fxml/17/javafx-fxml-17-mac-aarch64.jar -Djdk.module.main=comp261.tut3 comp261.tut3/comp261.assig3.Main

Host: "MacBookPro17,1" arm64 1 MHz, 8 cores, 8G, Darwin 21.2.0, macOS 12.1 (21C52)
Time: Fri May 27 13:31:44 2022 NZST elapsed time: 5.353555 seconds (0d 0h 0m 5s)

---------------  T H R E A D  ---------------

Current thread (0x0000000147939600):  JavaThread "InvokeLaterDispatcher" daemon [_thread_in_native, id=34831, stack(0x00000001705a0000,0x00000001707a3000)]

Stack: [0x00000001705a0000,0x00000001707a3000],  sp=0x00000001707a2780,  free space=2057k
Native frames: (J=compiled Java code, j=interpreted, Vv=VM code, C=native code)
v  ~StubRoutines::SafeFetchN
V  [libjvm.dylib+0x7ba2dc]  _ZN10OopStorage7releaseEPKP7oopDesc+0x20
V  [libjvm.dylib+0x4c5750]  jni_DeleteGlobalRef+0xd8
C  [libglass.dylib+0xab08]  -[GlassRunnable dealloc]+0x34
C  [Foundation+0x84c7c]  -[_NSThreadPerformInfo dealloc]+0x30
C  [Foundation+0x51578]  -[NSObject(NSThreadPerformAdditions) performSelectorOnMainThread:withObject:waitUntilDone:]+0x88
C  0x893f80010bd8d8ac
j  com.sun.glass.ui.mac.MacApplication.submitForLaterInvocation(Ljava/lang/Runnable;)V+2 javafx.graphics
j  com.sun.glass.ui.InvokeLaterDispatcher.run()V+82 javafx.graphics
v  ~StubRoutines::call_stub
V  [libjvm.dylib+0x46a8f0]  _ZN9JavaCalls11call_helperEP9JavaValueRK12methodHandleP17JavaCallArgumentsP10JavaThread+0x38c
V  [libjvm.dylib+0x46990c]  _ZN9JavaCalls12call_virtualEP9JavaValueP5KlassP6SymbolS5_P17JavaCallArgumentsP10JavaThread+0x11c
V  [libjvm.dylib+0x4699d8]  _ZN9JavaCalls12call_virtualEP9JavaValue6HandleP5KlassP6SymbolS6_P10JavaThread+0x64
V  [libjvm.dylib+0x521e64]  _ZL12thread_entryP10JavaThreadS0_+0xc4
V  [libjvm.dylib+0x99aac0]  _ZN10JavaThread17thread_main_innerEv+0x13c
V  [libjvm.dylib+0x99919c]  _ZN6Thread8call_runEv+0x128
V  [libjvm.dylib+0x7c1124]  _ZL19thread_native_entryP6Thread+0x158
C  [libsystem_pthread.dylib+0x7240]  _pthread_start+0x94

Java frames: (J=compiled Java code, j=interpreted, Vv=VM code)
j  com.sun.glass.ui.mac.MacApplication._submitForLaterInvocation(Ljava/lang/Runnable;)V+0 javafx.graphics
j  com.sun.glass.ui.mac.MacApplication.submitForLaterInvocation(Ljava/lang/Runnable;)V+2 javafx.graphics
j  com.sun.glass.ui.InvokeLaterDispatcher.run()V+82 javafx.graphics
v  ~StubRoutines::call_stub

siginfo: si_signo: 10 (SIGBUS), si_code: 1 (BUS_ADRALN), si_addr: 0x000000010bd854f0

Register to memory mapping:

 x0=0x0000000148204f08 points into unknown readable memory: 0x0000000000000000 | 00 00 00 00 00 00 00 00
 x1=0x0 is NULL
 x2=0x0000000781881d40 is an oop: com.sun.glass.ui.InvokeLaterDispatcher$Future 
{0x0000000781881d40} - klass: 'com/sun/glass/ui/InvokeLaterDispatcher$Future'
 - ---- fields (total size 3 words):
 - private 'done' 'Z' @12  true
 - private final 'runnable' 'Ljava/lang/Runnable;' @16  a 'com/sun/javafx/application/PlatformImpl$$Lambda$90+0x0000000800104420'{0x00000007810be030} (f0217c06)
 - final synthetic 'this$0' 'Lcom/sun/glass/ui/InvokeLaterDispatcher;' @20  a 'com/sun/glass/ui/InvokeLaterDispatcher'{0x0000000780042a60} (f000854c)
 x3=0x0 is NULL
 x4=0x00000000000130a8 is an unknown value
 x5=0x0 is NULL
 x6=0x0 is NULL
 x7=0x0 is NULL
 x8=0x000000010bd854ec is at begin+0 in a stub
StubRoutines::SafeFetchN [0x000000010bd854ec, 0x000000010bd854f8] (12 bytes)
 x9=0x0 is NULL
x10=0x2010000030300000 is an unknown value
x11=0x0000000000000007 is an unknown value
x12=0x0 is NULL
x13=0x0000600002abe570 points into unknown readable memory: 0x0000003b72656e65 | 65 6e 65 72 3b 00 00 00
x14=0x0000000000000001 is an unknown value
x15=0x00000001234f1f98: OBJC_CLASS_$_GlassRunnable+0 in /Users/ellawipatene/.openjfx/cache/17/libglass.dylib at 0x00000001234ac000
x16=0x000000019beb0094: pthread_getspecific+0 in /usr/lib/system/libsystem_pthread.dylib at 0x000000019beae000
x17=0x0000600002094a20 points into unknown readable memory: 0xfffffffffffffffe | fe ff ff ff ff ff ff ff
x18=0x0 is NULL
x19=0x0000600002fac1c0 points into unknown readable memory: 0x0000600000689fe0 | e0 9f 68 00 00 60 00 00
x20=0x0000000148204d00 points into unknown readable memory: 0x00000000000000ff | ff 00 00 00 00 00 00 00
x21=0x0000000148204f08 points into unknown readable memory: 0x0000000000000000 | 00 00 00 00 00 00 00 00
x22=0x0000000147939600 is a thread
x23=0x0000000000000001 is an unknown value
x24=0x0000000148204ec0 is a global jni handle
x25=0x0000000103f77a08: _ZN12StubRoutines17_safefetchN_entryE+0 in /Library/Java/JavaVirtualMachines/temurin-17.jdk/Contents/Home/lib/server/libjvm.dylib at 0x000000010331c000
x26=0x000000012403e230 is pointing into metadata
x27=0x0 is NULL
x28=0x0000000147939600 is a thread


Registers:
 x0=0x0000000148204f08  x1=0x0000000000000000  x2=0x0000000781881d40  x3=0x0000000000000000
 x4=0x00000000000130a8  x5=0x0000000000000000  x6=0x0000000000000000  x7=0x0000000000000000
 x8=0x000000010bd854ec  x9=0x0000000000000000 x10=0x2010000030300000 x11=0x0000000000000007
x12=0x0000000000000000 x13=0x0000600002abe570 x14=0x0000000000000001 x15=0x00000001234f1f98
x16=0x000000019beb0094 x17=0x0000600002094a20 x18=0x0000000000000000 x19=0x0000600002fac1c0
x20=0x0000000148204d00 x21=0x0000000148204f08 x22=0x0000000147939600 x23=0x0000000000000001
x24=0x0000000148204ec0 x25=0x0000000103f77a08 x26=0x000000012403e230 x27=0x0000000000000000
x28=0x0000000147939600  fp=0x00000001707a27c0  lr=0x0000000103ad50ac  sp=0x00000001707a2780
pc=0x000000010bd854f0 cpsr=0x0000000060001000
Top of Stack: (sp=0x00000001707a2780)
0x00000001707a2780:   000000012403e230 0000000000000001
0x00000001707a2790:   00000001707a2988 0000000000000000
0x00000001707a27a0:   0000000146bb4ea8 0000000148204ee0
0x00000001707a27b0:   0000000148204ee0 0000600002fac1c0
0x00000001707a27c0:   00000001707a2800 0000000103ad62dc
0x00000001707a27d0:   0000000000000001 0000000148204ee0
0x00000001707a27e0:   0000000146bb4ea8 0000000148204ee0
0x00000001707a27f0:   0000000000000001 0000000146bb4c00
0x00000001707a2800:   00000001707a2840 00000001037e1750
0x00000001707a2810:   00000001707a2988 00006000006b0ad0
0x00000001707a2820:   00006000006b0ab0 00000001e63e0474
0x00000001707a2830:   0000000000000000 00006000006b0ab0
0x00000001707a2840:   00000001707a2870 00000001234b6b08
0x00000001707a2850:   7b6308e6a3080038 0000000000000000
0x00000001707a2860:   0000000000000000 00006000011a8fc0
0x00000001707a2870:   00000001707a28b0 000000019ce74c7c
0x00000001707a2880:   00000001707a2988 00006000006b0ad0
0x00000001707a2890:   00006000006b0ab0 7b6308e6a3080038
0x00000001707a28a0:   0000000000000000 0000000000000000
0x00000001707a28b0:   00000001707a28f0 905d00019ce41578
0x00000001707a28c0:   00000001707a2988 000000010bd8c7c0
0x00000001707a28d0:   0000000000000000 0000000103f7f3c8
0x00000001707a28e0:   00000001707a2900 000000010bd8b730
0x00000001707a28f0:   00000001707a2960 893f80010bd8d8ac
0x00000001707a2900:   00000001707a2968 00000001216f5d98
0x00000001707a2910:   00000001707a2910 0000000000000000
0x00000001707a2920:   00000001707a2988 000000012403e230
0x00000001707a2930:   000000078009c5e0 0000000000000000
0x00000001707a2940:   0000000000000000 000000012401b138
0x00000001707a2950:   0000000000000000 00000001707a2960
0x00000001707a2960:   00000001707a29e0 000000010bd89fc8
0x00000001707a2970:   0000000000000000 0000000000000000 

Instructions: (pc=0x000000010bd854f0)
0x000000010bd853f0:   f2a07e89 f2c00029 6d425935 1e640886
0x000000010bd85400:   0c402d31 1e6408c7 1f5654d0 1e6c1017
0x000000010bd85410:   1f5050d0 1f504cd0 1f5048d0 1e650af6
0x000000010bd85420:   1f50d8f6 1f5694d6 1f5158f6 1e762880
0x000000010bd85430:   36000501 1e614000 14000026 2e251ca5
0x000000010bd85440:   d2883009 f2a07e89 f2c00029 6d425d36
0x000000010bd85450:   1e600806 0c402d32 1f5758c7 1e6c101a
0x000000010bd85460:   1f4754c7 1e650805 1f4750c7 d2866668
0x000000010bd85470:   f2a7fa68 1f474cc7 1e6608c0 1f4748c7
0x000000010bd85480:   1e6e1019 eb08007f 540000ac 1f479400
0x000000010bd85490:   1f460340 1e603b20 1400000e d2a7fd29
0x000000010bd854a0:   eb09007f 540000ac 51480069 d3607d29
0x000000010bd854b0:   9e670121 14000002 1e6a5001 1f679417
0x000000010bd854c0:   1f668742 1e613b23 1e773857 1e773860
0x000000010bd854d0:   a8c17ff3 910003bf a8c17bfd d65f03c0
0x000000010bd854e0:   b9400001 aa0103e0 d65f03c0 f9400001
0x000000010bd854f0:   aa0103e0 d65f03c0 00000000 00000000
0x000000010bd85500:   00000000 00000000 00000000 00000000
0x000000010bd85510:   00000000 00000000 00000000 00000000
0x000000010bd85520:   00000000 00000000 00000000 00000000
0x000000010bd85530:   00000000 00000000 00000000 00000000
0x000000010bd85540:   00000000 00000000 00000000 00000000
0x000000010bd85550:   00000000 00000000 00000000 00000000
0x000000010bd85560:   00000000 00000000 00000000 00000000
0x000000010bd85570:   00000000 00000000 00000000 00000000
0x000000010bd85580:   00000000 00000000 00000000 00000000
0x000000010bd85590:   00000000 00000000 00000000 00000000
0x000000010bd855a0:   00000000 00000000 00000000 00000000
0x000000010bd855b0:   00000000 00000000 00000000 00000000
0x000000010bd855c0:   00000000 00000000 00000000 00000000
0x000000010bd855d0:   00000000 00000000 00000000 00000000
0x000000010bd855e0:   00000000 00000000 00000000 00000000 


Stack slot to memory mapping:
stack at sp + 0 slots: 0x000000012403e230 is pointing into metadata
stack at sp + 1 slots: 0x0000000000000001 is an unknown value
stack at sp + 2 slots: 0x00000001707a2988 is pointing into the stack for thread: 0x0000000147939600
stack at sp + 3 slots: 0x0 is NULL
stack at sp + 4 slots: 0x0000000146bb4ea8 points into unknown readable memory: 0x0000000103f32888 | 88 28 f3 03 01 00 00 00
stack at sp + 5 slots: 0x0000000148204ee0 is a global jni handle
stack at sp + 6 slots: 0x0000000148204ee0 is a global jni handle
stack at sp + 7 slots: 0x0000600002fac1c0 points into unknown readable memory: 0x0000600000689fe0 | e0 9f 68 00 00 60 00 00

StubRoutines::SafeFetchN [0x000000010bd854ec, 0x000000010bd854f8] (12 bytes)
[MachCode]
  0x000000010bd854ec: 0100 40f9 | e003 01aa | c003 5fd6 
[/MachCode]

---------------  P R O C E S S  ---------------

Threads class SMR info:
_java_thread_list=0x0000600000446f20, length=18, elements={
0x0000000147808200, 0x000000014700d400, 0x000000014700a800, 0x000000014681c000,
0x000000014680a600, 0x000000014700ae00, 0x000000014680ac00, 0x000000014680b200,
0x0000000149046600, 0x000000014686e800, 0x00000001478a4200, 0x00000001478a9600,
0x0000000147939600, 0x0000000146bb4c00, 0x00000001479afa00, 0x0000000146b9a200,
0x0000000149184c00, 0x00000001473f2a00
}

Java Threads: ( => current thread )
  0x0000000147808200 JavaThread "main" [_thread_blocked, id=6147, stack(0x000000016dda4000,0x000000016dfa7000)]
  0x000000014700d400 JavaThread "Reference Handler" daemon [_thread_blocked, id=17923, stack(0x000000016ebf8000,0x000000016edfb000)]
  0x000000014700a800 JavaThread "Finalizer" daemon [_thread_blocked, id=16899, stack(0x000000016ee04000,0x000000016f007000)]
  0x000000014681c000 JavaThread "Signal Dispatcher" daemon [_thread_blocked, id=42499, stack(0x000000016f128000,0x000000016f32b000)]
  0x000000014680a600 JavaThread "Service Thread" daemon [_thread_blocked, id=23043, stack(0x000000016f334000,0x000000016f537000)]
  0x000000014700ae00 JavaThread "Monitor Deflation Thread" daemon [_thread_blocked, id=41731, stack(0x000000016f540000,0x000000016f743000)]
  0x000000014680ac00 JavaThread "C2 CompilerThread0" daemon [_thread_blocked, id=41219, stack(0x000000016f74c000,0x000000016f94f000)]
  0x000000014680b200 JavaThread "C1 CompilerThread0" daemon [_thread_blocked, id=40963, stack(0x000000016f958000,0x000000016fb5b000)]
  0x0000000149046600 JavaThread "Sweeper thread" daemon [_thread_blocked, id=40451, stack(0x000000016fb64000,0x000000016fd67000)]
  0x000000014686e800 JavaThread "Common-Cleaner" daemon [_thread_blocked, id=23555, stack(0x000000016fd70000,0x000000016ff73000)]
  0x00000001478a4200 JavaThread "Notification Thread" daemon [_thread_blocked, id=39683, stack(0x000000016ff7c000,0x000000017017f000)]
  0x00000001478a9600 JavaThread "QuantumRenderer-0" daemon [_thread_blocked, id=38915, stack(0x0000000170394000,0x0000000170597000)]
=>0x0000000147939600 JavaThread "InvokeLaterDispatcher" daemon [_thread_in_native, id=34831, stack(0x00000001705a0000,0x00000001707a3000)]
  0x0000000146bb4c00 JavaThread "JavaFX Application Thread" [_thread_in_native, id=259, stack(0x000000016d51c000,0x000000016dd18000)]
  0x00000001479afa00 JavaThread "JavaFX-Launcher" [_thread_blocked, id=75799, stack(0x0000000170a44000,0x0000000170c47000)]
  0x0000000146b9a200 JavaThread "Prism Font Disposer" daemon [_thread_blocked, id=69983, stack(0x0000000171898000,0x0000000171a9b000)]
  0x0000000149184c00 JavaThread "Cleaner-0" daemon [_thread_blocked, id=64791, stack(0x0000000171ebc000,0x00000001720bf000)]
  0x00000001473f2a00 JavaThread "PulseTimer-CVDisplayLink thread" daemon [_thread_in_native, id=65223, stack(0x0000000170838000,0x00000001708bb000)]

Other Threads:
  0x0000000148305420 VMThread "VM Thread" [stack: 0x000000016e9ec000,0x000000016ebef000] [id=16131]
  0x0000000148025600 WatcherThread [stack: 0x0000000170188000,0x000000017038b000] [id=39171]
  0x0000000148007310 GCTaskThread "GC Thread#0" [stack: 0x000000016dfb0000,0x000000016e1b3000] [id=12803]
  0x00000001483191b0 GCTaskThread "GC Thread#1" [stack: 0x0000000170c50000,0x0000000170e53000] [id=72451]
  0x0000000148319630 GCTaskThread "GC Thread#2" [stack: 0x0000000170e5c000,0x000000017105f000] [id=56835]
  0x0000000148049220 GCTaskThread "GC Thread#3" [stack: 0x0000000171068000,0x000000017126b000] [id=71683]
  0x0000000148049770 GCTaskThread "GC Thread#4" [stack: 0x0000000171274000,0x0000000171477000] [id=57347]
  0x0000000148049bf0 GCTaskThread "GC Thread#5" [stack: 0x0000000171480000,0x0000000171683000] [id=57859]
  0x000000014804a3f0 GCTaskThread "GC Thread#6" [stack: 0x000000017168c000,0x000000017188f000] [id=71171]
  0x0000000146704c50 GCTaskThread "GC Thread#7" [stack: 0x0000000171aa4000,0x0000000171ca7000] [id=58627]
  0x00000001480079c0 ConcurrentGCThread "G1 Main Marker" [stack: 0x000000016e1bc000,0x000000016e3bf000] [id=13059]
  0x0000000148104900 ConcurrentGCThread "G1 Conc#0" [stack: 0x000000016e3c8000,0x000000016e5cb000] [id=19715]
  0x0000000120e04e80 ConcurrentGCThread "G1 Conc#1" [stack: 0x0000000171cb0000,0x0000000171eb3000] [id=58883]
  0x0000000148009980 ConcurrentGCThread "G1 Refine#0" [stack: 0x000000016e5d4000,0x000000016e7d7000] [id=13827]
  0x0000000148105170 ConcurrentGCThread "G1 Service" [stack: 0x000000016e7e0000,0x000000016e9e3000] [id=14083]

Threads with active compile tasks:

VM state: not at safepoint (normal execution)

VM Mutex/Monitor currently owned by a thread: None

Heap address: 0x0000000780000000, size: 2048 MB, Compressed Oops mode: Zero based, Oop shift amount: 3

CDS archive(s) not mapped
Compressed class space mapped at: 0x0000000800000000-0x0000000840000000, reserved size: 1073741824
Narrow klass base: 0x0000000800000000, Narrow klass shift: 0, Narrow klass range: 0x40000000

GC Precious Log:
 CPUs: 8 total, 8 available
 Memory: 8192M
 Large Page Support: Disabled
 NUMA Support: Disabled
 Compressed Oops: Enabled (Zero based)
 Heap Region Size: 1M
 Heap Min Capacity: 8M
 Heap Initial Capacity: 128M
 Heap Max Capacity: 2G
 Pre-touch: Disabled
 Parallel Workers: 8
 Concurrent Workers: 2
 Concurrent Refinement Workers: 8
 Periodic GC: Disabled

Heap:
 garbage-first heap   total 30720K, used 21788K [0x0000000780000000, 0x0000000800000000)
  region size 1024K, 15 young (15360K), 4 survivors (4096K)
 Metaspace       used 23788K, committed 24000K, reserved 1073152K
  class space    used 3094K, committed 3200K, reserved 1048576K

Heap Regions: E=young(eden), S=young(survivor), O=old, HS=humongous(starts), HC=humongous(continues), CS=collection set, F=free, OA=open archive, CA=closed archive, TAMS=top-at-mark-start (previous, next)
|   0|0x0000000780000000, 0x0000000780100000, 0x0000000780100000|100%| O|  |TAMS 0x000000078003d600, 0x0000000780000000| Untracked 
|   1|0x0000000780100000, 0x0000000780200000, 0x0000000780200000|100%| O|  |TAMS 0x0000000780100000, 0x0000000780100000| Untracked 
|   2|0x0000000780200000, 0x0000000780300000, 0x0000000780300000|100%| O|  |TAMS 0x0000000780200000, 0x0000000780200000| Untracked 
|   3|0x0000000780300000, 0x0000000780359800, 0x0000000780400000| 34%| O|  |TAMS 0x0000000780300000, 0x0000000780300000| Complete 
|   4|0x0000000780400000, 0x0000000780500000, 0x0000000780500000|100%|HS|  |TAMS 0x0000000780400000, 0x0000000780400000| Complete 
|   5|0x0000000780500000, 0x0000000780600000, 0x0000000780600000|100%|HC|  |TAMS 0x0000000780500000, 0x0000000780500000| Complete 
|   6|0x0000000780600000, 0x0000000780700000, 0x0000000780700000|100%|HS|  |TAMS 0x0000000780600000, 0x0000000780600000| Complete 
|   7|0x0000000780700000, 0x0000000780800000, 0x0000000780800000|100%|HC|  |TAMS 0x0000000780700000, 0x0000000780700000| Complete 
|   8|0x0000000780800000, 0x0000000780800000, 0x0000000780900000|  0%| F|  |TAMS 0x0000000780800000, 0x0000000780800000| Untracked 
|   9|0x0000000780900000, 0x0000000780900000, 0x0000000780a00000|  0%| F|  |TAMS 0x0000000780900000, 0x0000000780900000| Untracked 
|  10|0x0000000780a00000, 0x0000000780a00000, 0x0000000780b00000|  0%| F|  |TAMS 0x0000000780a00000, 0x0000000780a00000| Untracked 
|  11|0x0000000780b00000, 0x0000000780b00000, 0x0000000780c00000|  0%| F|  |TAMS 0x0000000780b00000, 0x0000000780b00000| Untracked 
|  12|0x0000000780c00000, 0x0000000780c00000, 0x0000000780d00000|  0%| F|  |TAMS 0x0000000780c00000, 0x0000000780c00000| Untracked 
|  13|0x0000000780d00000, 0x0000000780d00000, 0x0000000780e00000|  0%| F|  |TAMS 0x0000000780d00000, 0x0000000780d00000| Untracked 
|  14|0x0000000780e00000, 0x0000000780e00000, 0x0000000780f00000|  0%| F|  |TAMS 0x0000000780e00000, 0x0000000780e00000| Untracked 
|  15|0x0000000780f00000, 0x0000000780f12828, 0x0000000781000000|  7%| E|  |TAMS 0x0000000780f00000, 0x0000000780f00000| Complete 
|  16|0x0000000781000000, 0x0000000781100000, 0x0000000781100000|100%| E|CS|TAMS 0x0000000781000000, 0x0000000781000000| Complete 
|  17|0x0000000781100000, 0x0000000781200000, 0x0000000781200000|100%| E|CS|TAMS 0x0000000781100000, 0x0000000781100000| Complete 
|  18|0x0000000781200000, 0x0000000781300000, 0x0000000781300000|100%| E|CS|TAMS 0x0000000781200000, 0x0000000781200000| Complete 
|  19|0x0000000781300000, 0x0000000781400000, 0x0000000781400000|100%| E|CS|TAMS 0x0000000781300000, 0x0000000781300000| Complete 
|  20|0x0000000781400000, 0x0000000781500000, 0x0000000781500000|100%| E|CS|TAMS 0x0000000781400000, 0x0000000781400000| Complete 
|  21|0x0000000781500000, 0x0000000781600000, 0x0000000781600000|100%| E|CS|TAMS 0x0000000781500000, 0x0000000781500000| Complete 
|  22|0x0000000781600000, 0x0000000781700000, 0x0000000781700000|100%| E|CS|TAMS 0x0000000781600000, 0x0000000781600000| Complete 
|  23|0x0000000781700000, 0x0000000781800000, 0x0000000781800000|100%| E|CS|TAMS 0x0000000781700000, 0x0000000781700000| Complete 
|  24|0x0000000781800000, 0x0000000781900000, 0x0000000781900000|100%| E|CS|TAMS 0x0000000781800000, 0x0000000781800000| Complete 
|  91|0x0000000785b00000, 0x0000000785bed8a8, 0x0000000785c00000| 92%| S|CS|TAMS 0x0000000785b00000, 0x0000000785b00000| Complete 
|  92|0x0000000785c00000, 0x0000000785d00000, 0x0000000785d00000|100%| S|CS|TAMS 0x0000000785c00000, 0x0000000785c00000| Complete 
|  93|0x0000000785d00000, 0x0000000785e00000, 0x0000000785e00000|100%| S|CS|TAMS 0x0000000785d00000, 0x0000000785d00000| Complete 
|  94|0x0000000785e00000, 0x0000000785f00000, 0x0000000785f00000|100%| S|CS|TAMS 0x0000000785e00000, 0x0000000785e00000| Complete 
| 127|0x0000000787f00000, 0x0000000788000000, 0x0000000788000000|100%| E|CS|TAMS 0x0000000787f00000, 0x0000000787f00000| Complete 

Card table byte_map: [0x00000001029c8000,0x0000000102dc8000] _byte_map_base: 0x00000000fedc8000

Marking Bits (Prev, Next): (CMBitMap*) 0x0000000147832c50, (CMBitMap*) 0x0000000147832c10
 Prev Bits: [0x000000011cd84000, 0x000000011ed84000)
 Next Bits: [0x000000011ad84000, 0x000000011cd84000)

Polling page: 0x0000000102320000

Metaspace:

Usage:
  Non-class:     20.21 MB used.
      Class:      3.02 MB used.
       Both:     23.23 MB used.

Virtual space:
  Non-class space:       24.00 MB reserved,      20.31 MB ( 85%) committed,  3 nodes.
      Class space:        1.00 GB reserved,       3.12 MB ( <1%) committed,  1 nodes.
             Both:        1.02 GB reserved,      23.44 MB (  2%) committed. 

Chunk freelists:
   Non-Class:  3.62 MB
       Class:  715.00 KB
        Both:  4.32 MB

MaxMetaspaceSize: unlimited
CompressedClassSpaceSize: 1.00 GB
Initial GC threshold: 21.00 MB
Current GC threshold: 35.12 MB
CDS: off
MetaspaceReclaimPolicy: balanced
 - commit_granule_bytes: 65536.
 - commit_granule_words: 8192.
 - virtual_space_node_default_size: 1048576.
 - enlarge_chunks_in_place: 1.
 - new_chunks_are_fully_committed: 0.
 - uncommit_free_chunks: 1.
 - use_allocation_guard: 0.
 - handle_deallocations: 1.


Internal statistics:

num_allocs_failed_limit: 3.
num_arena_births: 218.
num_arena_deaths: 0.
num_vsnodes_births: 4.
num_vsnodes_deaths: 0.
num_space_committed: 375.
num_space_uncommitted: 0.
num_chunks_returned_to_freelist: 3.
num_chunks_taken_from_freelist: 779.
num_chunk_merges: 0.
num_chunk_splits: 537.
num_chunks_enlarged: 427.
num_purges: 0.
num_inconsistent_stats: 0.

CodeHeap 'non-profiled nmethods': size=120032Kb used=1170Kb max_used=1170Kb free=118861Kb
 bounds [0x000000011384c000, 0x0000000113abc000, 0x000000011ad84000]
CodeHeap 'profiled nmethods': size=120016Kb used=5597Kb max_used=5597Kb free=114418Kb
 bounds [0x000000010c318000, 0x000000010c898000, 0x000000011384c000]
CodeHeap 'non-nmethods': size=5712Kb used=1394Kb max_used=1472Kb free=4317Kb
 bounds [0x000000010bd84000, 0x000000010bff4000, 0x000000010c318000]
 total_blobs=3515 nmethods=2728 adapters=702
 compilation: enabled
              stopped_count=0, restarted_count=0
 full_count=0

Compilation events (20 events):
Event: 5.305 Thread 0x000000014680b200 nmethod 2783 0x000000010c87eb90 code [0x000000010c87ee00, 0x000000010c87f748]
Event: 5.305 Thread 0x000000014680b200 2784       3       com.sun.prism.es2.ES2Shader::setConstant (68 bytes)
Event: 5.305 Thread 0x000000014680b200 nmethod 2784 0x000000010c87fa10 code [0x000000010c87fc00, 0x000000010c880288]
Event: 5.305 Thread 0x000000014680b200 2786       1       com.sun.prism.PresentableState::getRenderHeight (5 bytes)
Event: 5.305 Thread 0x000000014680b200 nmethod 2786 0x0000000113970610 code [0x0000000113970780, 0x0000000113970868]
Event: 5.314 Thread 0x000000014680b200 2787       3       javafx.scene.Parent::prefHeight (89 bytes)
Event: 5.314 Thread 0x000000014680b200 nmethod 2787 0x000000010c880490 code [0x000000010c8806c0, 0x000000010c880d08]
Event: 5.318 Thread 0x000000014680b200 2788       3       com.sun.javafx.scene.layout.RegionHelper::updatePeerImpl (15 bytes)
Event: 5.318 Thread 0x000000014680b200 nmethod 2788 0x000000010c880e90 code [0x000000010c881100, 0x000000010c8818b8]
Event: 5.318 Thread 0x000000014680b200 2789       3       javafx.scene.layout.Region$1::doUpdatePeer (8 bytes)
Event: 5.318 Thread 0x000000014680b200 nmethod 2789 0x000000010c881c10 code [0x000000010c881dc0, 0x000000010c882058]
Event: 5.318 Thread 0x000000014680b200 2790       3       javafx.scene.layout.Region::doUpdatePeer (536 bytes)
Event: 5.324 Thread 0x000000014680b200 nmethod 2790 0x000000010c882190 code [0x000000010c882d40, 0x000000010c888778]
Event: 5.324 Thread 0x000000014680b200 2791       3       com.sun.prism.es2.GLContext::uniformMatrix4fv (11 bytes)
Event: 5.324 Thread 0x000000014680b200 nmethod 2791 0x000000010c88a210 code [0x000000010c88a3c0, 0x000000010c88a558]
Event: 5.324 Thread 0x000000014680b200 2792       3       com.sun.javafx.geom.RectBounds::sortMinMax (61 bytes)
Event: 5.324 Thread 0x000000014680b200 nmethod 2792 0x000000010c88a610 code [0x000000010c88a7c0, 0x000000010c88a9a8]
Event: 5.334 Thread 0x000000014680b200 2793       3       jdk.internal.misc.Unsafe::getAndBitwiseAndInt (27 bytes)
Event: 5.335 Thread 0x000000014680b200 nmethod 2793 0x000000010c88aa90 code [0x000000010c88ac40, 0x000000010c88ae98]
Event: 5.352 Thread 0x000000014680b200 2794       3       com.sun.javafx.sg.prism.NGNode::setContentBounds (13 bytes)

GC Heap History (4 events):
Event: 0.375 GC heap before
{Heap before GC invocations=0 (full 0):
 garbage-first heap   total 131072K, used 22528K [0x0000000780000000, 0x0000000800000000)
  region size 1024K, 23 young (23552K), 0 survivors (0K)
 Metaspace       used 14279K, committed 14528K, reserved 1064960K
  class space    used 1549K, committed 1664K, reserved 1048576K
}
Event: 0.377 GC heap after
{Heap after GC invocations=1 (full 0):
 garbage-first heap   total 131072K, used 3317K [0x0000000780000000, 0x0000000800000000)
  region size 1024K, 3 young (3072K), 3 survivors (3072K)
 Metaspace       used 14279K, committed 14528K, reserved 1064960K
  class space    used 1549K, committed 1664K, reserved 1048576K
}
Event: 0.748 GC heap before
{Heap before GC invocations=1 (full 0):
 garbage-first heap   total 131072K, used 33013K [0x0000000780000000, 0x0000000800000000)
  region size 1024K, 33 young (33792K), 3 survivors (3072K)
 Metaspace       used 21275K, committed 21504K, reserved 1073152K
  class space    used 2810K, committed 2944K, reserved 1048576K
}
Event: 0.752 GC heap after
{Heap after GC invocations=2 (full 0):
 garbage-first heap   total 131072K, used 7452K [0x0000000780000000, 0x0000000800000000)
  region size 1024K, 4 young (4096K), 4 survivors (4096K)
 Metaspace       used 21275K, committed 21504K, reserved 1073152K
  class space    used 2810K, committed 2944K, reserved 1048576K
}

Deoptimization events (20 events):
Event: 2.813 Thread 0x00000001478a9600 Uncommon trap: trap_request=0xffffff45 fr.pc=0x000000011392f79c relative=0x000000000000221c
Event: 2.813 Thread 0x00000001478a9600 Uncommon trap: reason=unstable_if action=reinterpret pc=0x000000011392f79c method=com.sun.marlin.Renderer._endRendering(IILcom/sun/marlin/MarlinAlphaConsumer;)V @ 1092 c2
Event: 2.813 Thread 0x00000001478a9600 DEOPT PACKING pc=0x000000011392f79c sp=0x00000001705944e0
Event: 2.813 Thread 0x00000001478a9600 DEOPT UNPACKING pc=0x000000010bdc2d1c sp=0x0000000170594300 mode 2
Event: 2.820 Thread 0x00000001478a9600 Uncommon trap: trap_request=0xffffff45 fr.pc=0x000000011391a3cc relative=0x0000000000001dcc
Event: 2.820 Thread 0x00000001478a9600 Uncommon trap: reason=unstable_if action=reinterpret pc=0x000000011391a3cc method=com.sun.marlin.Renderer._endRendering(IILcom/sun/marlin/MarlinAlphaConsumer;)V @ 1926 c2
Event: 2.820 Thread 0x00000001478a9600 DEOPT PACKING pc=0x000000011391a3cc sp=0x0000000170594470
Event: 2.820 Thread 0x00000001478a9600 DEOPT UNPACKING pc=0x000000010bdc2d1c sp=0x0000000170594300 mode 2
Event: 3.137 Thread 0x00000001478a9600 DEOPT PACKING pc=0x000000010c7cc580 sp=0x0000000170594f90
Event: 3.137 Thread 0x00000001478a9600 DEOPT UNPACKING pc=0x000000010bdc2b7c sp=0x0000000170594b90 mode 0
Event: 4.735 Thread 0x00000001478a9600 DEOPT PACKING pc=0x000000010c7cc580 sp=0x00000001705955b0
Event: 4.735 Thread 0x00000001478a9600 DEOPT UNPACKING pc=0x000000010bdc2b7c sp=0x00000001705951b0 mode 0
Event: 4.885 Thread 0x00000001478a9600 DEOPT PACKING pc=0x000000010c7cc580 sp=0x00000001705955b0
Event: 4.885 Thread 0x00000001478a9600 DEOPT UNPACKING pc=0x000000010bdc2b7c sp=0x00000001705951b0 mode 0
Event: 4.901 Thread 0x00000001478a9600 DEOPT PACKING pc=0x000000010c7cc580 sp=0x00000001705955b0
Event: 4.902 Thread 0x00000001478a9600 DEOPT UNPACKING pc=0x000000010bdc2b7c sp=0x00000001705951b0 mode 0
Event: 4.918 Thread 0x00000001478a9600 DEOPT PACKING pc=0x000000010c7cc580 sp=0x00000001705955b0
Event: 4.918 Thread 0x00000001478a9600 DEOPT UNPACKING pc=0x000000010bdc2b7c sp=0x00000001705951b0 mode 0
Event: 4.919 Thread 0x00000001478a9600 DEOPT PACKING pc=0x000000010c7cc580 sp=0x0000000170594e50
Event: 4.919 Thread 0x00000001478a9600 DEOPT UNPACKING pc=0x000000010bdc2b7c sp=0x0000000170594a50 mode 0

Classes unloaded (0 events):
No events

Classes redefined (0 events):
No events

Internal exceptions (20 events):
Event: 0.462 Thread 0x0000000146bb4c00 Implicit null exception at 0x000000011388a878 to 0x000000011388a908
Event: 0.466 Thread 0x0000000146bb4c00 Implicit null exception at 0x0000000113895894 to 0x0000000113895c1c
Event: 0.468 Thread 0x0000000146bb4c00 Implicit null exception at 0x00000001138939d4 to 0x0000000113893d28
Event: 0.644 Thread 0x0000000146bb4c00 Exception <a 'java/lang/NoSuchMethodError'{0x0000000786e477f0}: 'java.lang.Object java.lang.invoke.DirectMethodHandle$Holder.invokeInterface(java.lang.Object, java.lang.Object, java.lang.Object)'> (0x0000000786e477f0) 
thrown [../../src/hotspot/share/interpreter/linkResolver.cpp, line 766]
Event: 0.644 Thread 0x0000000146bb4c00 Exception <a 'java/lang/IncompatibleClassChangeError'{0x0000000786e4b178}: Found class java.lang.Object, but interface was expected> (0x0000000786e4b178) 
thrown [../../src/hotspot/share/interpreter/linkResolver.cpp, line 833]
Event: 0.677 Thread 0x0000000146bb4c00 Exception <a 'java/lang/NoSuchMethodError'{0x0000000786b8a050}: 'void java.lang.invoke.DirectMethodHandle$Holder.invokeSpecialIFC(java.lang.Object, java.lang.Object, java.lang.Object, java.lang.Object)'> (0x0000000786b8a050) 
thrown [../../src/hotspot/share/interpreter/linkResolver.cpp, line 766]
Event: 0.680 Thread 0x0000000146bb4c00 Exception <a 'java/lang/ClassNotFoundException'{0x0000000786bbab90}: com/sun/javafx/scene/control/skin/resources/controls> (0x0000000786bbab90) 
thrown [../../src/hotspot/share/prims/jni.cpp, line 535]
Event: 0.680 Thread 0x0000000146bb4c00 Exception <a 'java/lang/ClassNotFoundException'{0x0000000786bc8b40}: com/sun/javafx/scene/control/skin/resources/controls_en> (0x0000000786bc8b40) 
thrown [../../src/hotspot/share/prims/jni.cpp, line 535]
Event: 0.680 Thread 0x0000000146bb4c00 Exception <a 'java/lang/ClassNotFoundException'{0x0000000786bc9ae8}: com/sun/javafx/scene/control/skin/resources/controls_en_NZ> (0x0000000786bc9ae8) 
thrown [../../src/hotspot/share/prims/jni.cpp, line 535]
Event: 0.691 Thread 0x0000000146bb4c00 Exception <a 'java/lang/NoSuchMethodError'{0x00000007869760a8}: 'int java.lang.invoke.DirectMethodHandle$Holder.invokeSpecial(java.lang.Object, java.lang.Object, int)'> (0x00000007869760a8) 
thrown [../../src/hotspot/share/interpreter/linkResolver.cpp, line 766]
Event: 0.733 Thread 0x0000000146bb4c00 Exception <a 'java/lang/NoSuchMethodError'{0x00000007861c0658}: 'void java.lang.invoke.DirectMethodHandle$Holder.invokeSpecial(java.lang.Object, java.lang.Object, java.lang.Object, java.lang.Object, java.lang.Object, java.lang.Object)'> (0x00000007861c0658) 
thrown [../../src/hotspot/share/interpreter/linkResolver.cpp, line 766]
Event: 0.760 Thread 0x0000000146bb4c00 Exception <a 'java/lang/NoSuchMethodError'{0x0000000787f59c20}: 'java.lang.Object java.lang.invoke.DirectMethodHandle$Holder.newInvokeSpecial(java.lang.Object, java.lang.Object, int, int)'> (0x0000000787f59c20) 
thrown [../../src/hotspot/share/interpreter/linkResolver.cpp, line 766]
Event: 0.763 Thread 0x0000000146bb4c00 Exception <a 'java/lang/NoSuchMethodError'{0x0000000787f6db90}: 'java.lang.Object java.lang.invoke.DirectMethodHandle$Holder.newInvokeSpecial(java.lang.Object, java.lang.Object, int)'> (0x0000000787f6db90) 
thrown [../../src/hotspot/share/interpreter/linkResolver.cpp, line 766]
Event: 0.803 Thread 0x00000001478a9600 Exception <a 'java/lang/NoSuchMethodError'{0x00000007817e6e80}: 'int java.lang.invoke.DirectMethodHandle$Holder.invokeStaticInit(java.lang.Object, java.lang.Object)'> (0x00000007817e6e80) 
thrown [../../src/hotspot/share/interpreter/linkResolver.cpp, line 766]
Event: 2.686 Thread 0x0000000146bb4c00 Exception <a 'java/lang/NoSuchMethodError'{0x0000000781138e90}: 'long java.lang.invoke.DirectMethodHandle$Holder.invokeStatic(java.lang.Object, java.lang.Object, java.lang.Object)'> (0x0000000781138e90) 
thrown [../../src/hotspot/share/interpreter/linkResolver.cpp, line 766]
Event: 2.686 Thread 0x0000000146bb4c00 Exception <a 'java/lang/NoSuchMethodError'{0x000000078113c638}: 'long java.lang.invoke.DirectMethodHandle$Holder.invokeStaticInit(java.lang.Object, java.lang.Object, java.lang.Object)'> (0x000000078113c638) 
thrown [../../src/hotspot/share/interpreter/linkResolver.cpp, line 766]
Event: 2.688 Thread 0x0000000146bb4c00 Exception <a 'java/lang/NoSuchMethodError'{0x0000000781154240}: 'java.lang.Object java.lang.invoke.DirectMethodHandle$Holder.newInvokeSpecial(java.lang.Object, java.lang.Object, long)'> (0x0000000781154240) 
thrown [../../src/hotspot/share/interpreter/linkResolver.cpp, line 766]
Event: 2.688 Thread 0x0000000146bb4c00 Exception <a 'java/lang/NoSuchMethodError'{0x0000000781157b08}: 'java.lang.Object java.lang.invoke.Invokers$Holder.linkToTargetMethod(java.lang.Object, long, java.lang.Object)'> (0x0000000781157b08) 
thrown [../../src/hotspot/share/interpreter/linkResolver.cpp, line 766]
Event: 2.812 Thread 0x00000001478a9600 Exception <a 'java/lang/NoSuchMethodError'{0x00000007813e70a8}: 'java.lang.Object java.lang.invoke.DirectMethodHandle$Holder.invokeStaticInit(java.lang.Object, int)'> (0x00000007813e70a8) 
thrown [../../src/hotspot/share/interpreter/linkResolver.cpp, line 766]
Event: 4.656 Thread 0x0000000146bb4c00 Exception <a 'java/lang/NoSuchMethodError'{0x000000078108a390}: 'java.lang.Object java.lang.invoke.DirectMethodHandle$Holder.newInvokeSpecial(java.lang.Object, java.lang.Object, int, java.lang.Object, double, double, double, double, double, double, int, int, int, int, int, int, int, int)'> (0x000000078108a390) 
thrown [../../src/hotspot/share/interpreter/linkResolver.cpp, line 766]

VM Operations (20 events):
Event: 0.712 Executing VM operation: ICBufferFull
Event: 0.713 Executing VM operation: ICBufferFull done
Event: 0.730 Executing VM operation: HandshakeAllThreads
Event: 0.730 Executing VM operation: HandshakeAllThreads done
Event: 0.748 Executing VM operation: CollectForMetadataAllocation
Event: 0.752 Executing VM operation: CollectForMetadataAllocation done
Event: 0.755 Executing VM operation: G1Concurrent
Event: 0.757 Executing VM operation: G1Concurrent done
Event: 0.758 Executing VM operation: G1Concurrent
Event: 0.758 Executing VM operation: G1Concurrent done
Event: 1.452 Executing VM operation: ICBufferFull
Event: 1.452 Executing VM operation: ICBufferFull done
Event: 2.457 Executing VM operation: Cleanup
Event: 2.457 Executing VM operation: Cleanup done
Event: 3.068 Executing VM operation: ICBufferFull
Event: 3.068 Executing VM operation: ICBufferFull done
Event: 4.071 Executing VM operation: Cleanup
Event: 4.071 Executing VM operation: Cleanup done
Event: 5.076 Executing VM operation: Cleanup
Event: 5.076 Executing VM operation: Cleanup done

Events (20 events):
Event: 0.827 loading class java/nio/DoubleBuffer
Event: 0.827 loading class java/nio/DoubleBuffer done
Event: 0.827 loading class java/nio/DirectFloatBufferU
Event: 0.827 loading class java/nio/DirectFloatBufferU done
Event: 0.864 loading class jdk/internal/misc/ScopedMemoryAccess$Scope
Event: 0.864 loading class jdk/internal/misc/ScopedMemoryAccess$Scope done
Event: 0.883 loading class java/util/EnumMap$Values
Event: 0.883 loading class java/util/EnumMap$Values done
Event: 0.883 loading class java/util/EnumMap$ValueIterator
Event: 0.883 loading class java/util/EnumMap$EnumMapIterator
Event: 0.883 loading class java/util/EnumMap$EnumMapIterator done
Event: 0.883 loading class java/util/EnumMap$ValueIterator done
Event: 1.769 Protecting memory [0x0000000170838000,0x0000000170844000] with protection modes 3
Event: 1.769 Thread 0x00000001490bb600 Thread exited: 0x00000001490bb600
Event: 2.683 Protecting memory [0x0000000170838000,0x0000000170844000] with protection modes 0
Event: 2.683 Thread 0x0000000123828e00 Thread added: 0x0000000123828e00
Event: 3.418 Protecting memory [0x0000000170838000,0x0000000170844000] with protection modes 3
Event: 3.418 Thread 0x0000000123828e00 Thread exited: 0x0000000123828e00
Event: 4.701 Protecting memory [0x0000000170838000,0x0000000170844000] with protection modes 0
Event: 4.701 Thread 0x00000001473f2a00 Thread added: 0x00000001473f2a00


Dynamic libraries:
0x00000001022d8000 	/Library/Java/JavaVirtualMachines/temurin-17.jdk/Contents/Home/lib/libjli.dylib
0x00000001a685b000 	/usr/lib/libz.1.dylib
0x00000001a690b000 	/usr/lib/libSystem.B.dylib
0x00000001a6905000 	/usr/lib/system/libcache.dylib
0x00000001a68c3000 	/usr/lib/system/libcommonCrypto.dylib
0x00000001a68ec000 	/usr/lib/system/libcompiler_rt.dylib
0x00000001a68e3000 	/usr/lib/system/libcopyfile.dylib
0x000000019bc4e000 	/usr/lib/system/libcorecrypto.dylib
0x000000019bcf3000 	/usr/lib/system/libdispatch.dylib
0x000000019bebb000 	/usr/lib/system/libdyld.dylib
0x00000001a68fb000 	/usr/lib/system/libkeymgr.dylib
0x00000001a68a5000 	/usr/lib/system/libmacho.dylib
0x00000001a5fa9000 	/usr/lib/system/libquarantine.dylib
0x00000001a68f8000 	/usr/lib/system/libremovefile.dylib
0x00000001a104a000 	/usr/lib/system/libsystem_asl.dylib
0x000000019bbf8000 	/usr/lib/system/libsystem_blocks.dylib
0x000000019bd79000 	/usr/lib/system/libsystem_c.dylib
0x00000001a68f0000 	/usr/lib/system/libsystem_collections.dylib
0x00000001a5468000 	/usr/lib/system/libsystem_configuration.dylib
0x00000001a46ec000 	/usr/lib/system/libsystem_containermanager.dylib
0x00000001a660c000 	/usr/lib/system/libsystem_coreservices.dylib
0x000000019e5df000 	/usr/lib/system/libsystem_darwin.dylib
0x00000001a68fc000 	/usr/lib/system/libsystem_dnssd.dylib
0x000000019bd76000 	/usr/lib/system/libsystem_featureflags.dylib
0x000000019bed0000 	/usr/lib/system/libsystem_info.dylib
0x00000001a686d000 	/usr/lib/system/libsystem_m.dylib
0x000000019bcc8000 	/usr/lib/system/libsystem_malloc.dylib
0x00000001a0fdb000 	/usr/lib/system/libsystem_networkextension.dylib
0x000000019ea33000 	/usr/lib/system/libsystem_notify.dylib
0x00000001acb11000 	/usr/lib/system/libsystem_product_info_filter.dylib
0x00000001a546d000 	/usr/lib/system/libsystem_sandbox.dylib
0x00000001a68f5000 	/usr/lib/system/libsystem_secinit.dylib
0x000000019be78000 	/usr/lib/system/libsystem_kernel.dylib
0x000000019bec8000 	/usr/lib/system/libsystem_platform.dylib
0x000000019beae000 	/usr/lib/system/libsystem_pthread.dylib
0x00000001a2784000 	/usr/lib/system/libsystem_symptoms.dylib
0x000000019bc34000 	/usr/lib/system/libsystem_trace.dylib
0x00000001a68d0000 	/usr/lib/system/libunwind.dylib
0x000000019bbfa000 	/usr/lib/system/libxpc.dylib
0x000000019be5e000 	/usr/lib/libc++abi.dylib
0x000000019bd3a000 	/usr/lib/libobjc.A.dylib
0x00000001a68db000 	/usr/lib/liboah.dylib
0x000000019bdfa000 	/usr/lib/libc++.1.dylib
0x00000001b250c000 	/System/Library/Frameworks/Cocoa.framework/Versions/A/Cocoa
0x000000019ea93000 	/System/Library/Frameworks/AppKit.framework/Versions/C/AppKit
0x00000001a1fc3000 	/System/Library/Frameworks/CoreData.framework/Versions/A/CoreData
0x000000019cdf0000 	/System/Library/Frameworks/Foundation.framework/Versions/C/Foundation
0x000000019f947000 	/System/Library/PrivateFrameworks/UIFoundation.framework/Versions/A/UIFoundation
0x00000001ac80b000 	/System/Library/PrivateFrameworks/RemoteViewServices.framework/Versions/A/RemoteViewServices
0x00000001a4e26000 	/System/Library/PrivateFrameworks/XCTTargetBootstrap.framework/Versions/A/XCTTargetBootstrap
0x00000001a860c000 	/System/Library/PrivateFrameworks/InternationalSupport.framework/Versions/A/InternationalSupport
0x00000001a8695000 	/System/Library/PrivateFrameworks/UserActivity.framework/Versions/A/UserActivity
0x00000001a7b3a000 	/usr/lib/libspindump.dylib
0x000000019fbb7000 	/System/Library/Frameworks/UniformTypeIdentifiers.framework/Versions/A/UniformTypeIdentifiers
0x00000001a33b3000 	/usr/lib/libapp_launch_measurement.dylib
0x00000001a292b000 	/System/Library/PrivateFrameworks/CoreAnalytics.framework/Versions/A/CoreAnalytics
0x00000001a33b6000 	/System/Library/PrivateFrameworks/CoreAutoLayout.framework/Versions/A/CoreAutoLayout
0x00000001a4729000 	/System/Library/Frameworks/Metal.framework/Versions/A/Metal
0x00000001a5478000 	/usr/lib/liblangid.dylib
0x00000001a4e2a000 	/System/Library/PrivateFrameworks/CoreSVG.framework/Versions/A/CoreSVG
0x00000001a107e000 	/System/Library/PrivateFrameworks/SkyLight.framework/Versions/A/SkyLight
0x00000001a1448000 	/System/Library/Frameworks/CoreGraphics.framework/Versions/A/CoreGraphics
0x00000001ace88000 	/System/Library/Frameworks/Accelerate.framework/Versions/A/Accelerate
0x00000001a75ae000 	/System/Library/PrivateFrameworks/IconServices.framework/Versions/A/IconServices
0x00000001a470b000 	/System/Library/Frameworks/IOSurface.framework/Versions/A/IOSurface
0x00000001a295b000 	/usr/lib/libDiagnosticMessagesClient.dylib
0x00000001b02cf000 	/System/Library/Frameworks/ApplicationServices.framework/Versions/A/ApplicationServices
0x00000001a4e0e000 	/System/Library/PrivateFrameworks/DFRFoundation.framework/Versions/A/DFRFoundation
0x000000019e334000 	/usr/lib/libicucore.A.dylib
0x00000001a940d000 	/System/Library/Frameworks/AudioToolbox.framework/Versions/A/AudioToolbox
0x00000001a8618000 	/System/Library/PrivateFrameworks/DataDetectorsCore.framework/Versions/A/DataDetectorsCore
0x00000001be74a000 	/System/Library/PrivateFrameworks/TextInput.framework/Versions/A/TextInput
0x00000001a0ff5000 	/usr/lib/libMobileGestalt.dylib
0x00000001a4ade000 	/System/Library/Frameworks/Carbon.framework/Versions/A/Frameworks/HIToolbox.framework/Versions/A/HIToolbox
0x00000001a2dbc000 	/System/Library/Frameworks/QuartzCore.framework/Versions/A/QuartzCore
0x000000019dfb1000 	/System/Library/Frameworks/Security.framework/Versions/A/Security
0x00000001ac84b000 	/System/Library/Frameworks/Carbon.framework/Versions/A/Frameworks/SpeechRecognition.framework/Versions/A/SpeechRecognition
0x00000001a310a000 	/System/Library/PrivateFrameworks/CoreUI.framework/Versions/A/CoreUI
0x000000019d882000 	/System/Library/Frameworks/CoreAudio.framework/Versions/A/CoreAudio
0x00000001a2a4f000 	/System/Library/Frameworks/DiskArbitration.framework/Versions/A/DiskArbitration
0x00000001a7f1f000 	/System/Library/PrivateFrameworks/MultitouchSupport.framework/Versions/A/MultitouchSupport
0x00000001a0ff3000 	/usr/lib/libenergytrace.dylib
0x000000019e95d000 	/System/Library/Frameworks/IOKit.framework/Versions/A/IOKit
0x00000001acc34000 	/System/Library/Frameworks/CoreServices.framework/Versions/A/CoreServices
0x00000001a3343000 	/System/Library/PrivateFrameworks/PerformanceAnalysis.framework/Versions/A/PerformanceAnalysis
0x00000001fd2bd000 	/System/Library/Frameworks/OpenGL.framework/Versions/A/OpenGL
0x00000001a5ec9000 	/System/Library/PrivateFrameworks/MobileKeyBag.framework/Versions/A/MobileKeyBag
0x00000001a1a58000 	/System/Library/Frameworks/ColorSync.framework/Versions/A/ColorSync
0x000000019befc000 	/System/Library/Frameworks/CoreFoundation.framework/Versions/A/CoreFoundation
0x00000001a50ab000 	/System/Library/Frameworks/CoreImage.framework/Versions/A/CoreImage
0x000000019d6a5000 	/System/Library/Frameworks/CoreText.framework/Versions/A/CoreText
0x00000001a4e5a000 	/System/Library/Frameworks/ImageIO.framework/Versions/A/ImageIO
0x00000001a6911000 	/System/Library/PrivateFrameworks/SoftLinking.framework/Versions/A/SoftLinking
0x00000001a3400000 	/usr/lib/libxml2.2.dylib
0x00000001a6baa000 	/usr/lib/libcompression.dylib
0x00000001a8565000 	/System/Library/PrivateFrameworks/TextureIO.framework/Versions/A/TextureIO
0x00000001a72c8000 	/usr/lib/libate.dylib
0x00000001a7190000 	/usr/lib/liblzma.5.dylib
0x000000019cae4000 	/System/Library/Frameworks/SystemConfiguration.framework/Versions/A/SystemConfiguration
0x00000001a690d000 	/usr/lib/libfakelink.dylib
0x00000001a0b22000 	/System/Library/Frameworks/CFNetwork.framework/Versions/A/CFNetwork
0x00000001a6a54000 	/usr/lib/libarchive.2.dylib
0x00000001a5474000 	/System/Library/PrivateFrameworks/AppleSystemInfo.framework/Versions/A/AppleSystemInfo
0x00000001a5fd4000 	/usr/lib/libbsm.0.dylib
0x00000001a005a000 	/usr/lib/libnetwork.dylib
0x00000001a68ab000 	/usr/lib/system/libkxld.dylib
0x00000001a5beb000 	/System/Library/PrivateFrameworks/IOMobileFramebuffer.framework/Versions/A/IOMobileFramebuffer
0x0000000219022000 	/usr/lib/libCoreEntitlements.dylib
0x00000001a65ee000 	/System/Library/PrivateFrameworks/AppleFSCompression.framework/Versions/A/AppleFSCompression
0x00000001a5fbc000 	/usr/lib/libcoretls.dylib
0x00000001a71a9000 	/usr/lib/libcoretls_cfhelpers.dylib
0x00000001a6ba5000 	/usr/lib/libpam.2.dylib
0x00000001a23ac000 	/usr/lib/libsqlite3.dylib
0x00000001a7211000 	/usr/lib/libxar.1.dylib
0x00000001a65ff000 	/usr/lib/libbz2.1.0.dylib
0x00000001a6912000 	/usr/lib/libpcap.A.dylib
0x00000001a277b000 	/usr/lib/libdns_services.dylib
0x00000001a6b78000 	/usr/lib/libapple_nghttp2.dylib
0x00000001a694f000 	/usr/lib/libiconv.2.dylib
0x00000001a68a4000 	/usr/lib/libcharset.1.dylib
0x00000001a337f000 	/System/Library/Frameworks/CoreServices.framework/Versions/A/Frameworks/FSEvents.framework/Versions/A/FSEvents
0x000000019e5ea000 	/System/Library/Frameworks/CoreServices.framework/Versions/A/Frameworks/CarbonCore.framework/Versions/A/CarbonCore
0x00000001a29b2000 	/System/Library/Frameworks/CoreServices.framework/Versions/A/Frameworks/Metadata.framework/Versions/A/Metadata
0x00000001a6612000 	/System/Library/Frameworks/CoreServices.framework/Versions/A/Frameworks/OSServices.framework/Versions/A/OSServices
0x00000001a6ada000 	/System/Library/Frameworks/CoreServices.framework/Versions/A/Frameworks/SearchKit.framework/Versions/A/SearchKit
0x00000001a2709000 	/System/Library/Frameworks/CoreServices.framework/Versions/A/Frameworks/AE.framework/Versions/A/AE
0x000000019c440000 	/System/Library/Frameworks/CoreServices.framework/Versions/A/Frameworks/LaunchServices.framework/Versions/A/LaunchServices
0x00000001a7139000 	/System/Library/Frameworks/CoreServices.framework/Versions/A/Frameworks/DictionaryServices.framework/Versions/A/DictionaryServices
0x00000001a338c000 	/System/Library/Frameworks/CoreServices.framework/Versions/A/Frameworks/SharedFileList.framework/Versions/A/SharedFileList
0x00000001a5fac000 	/usr/lib/libCheckFix.dylib
0x00000001a1062000 	/System/Library/PrivateFrameworks/TCC.framework/Versions/A/TCC
0x00000001a547a000 	/System/Library/PrivateFrameworks/CoreNLP.framework/Versions/A/CoreNLP
0x00000001a295e000 	/System/Library/PrivateFrameworks/MetadataUtilities.framework/Versions/A/MetadataUtilities
0x000000019cb9d000 	/usr/lib/libmecabra.dylib
0x00000001a5fe5000 	/usr/lib/libmecab.dylib
0x000000019cb69000 	/usr/lib/libCRFSuite.dylib
0x00000001a6043000 	/usr/lib/libgermantok.dylib
0x00000001a6b51000 	/usr/lib/libThaiTokenizer.dylib
0x00000001a2a57000 	/System/Library/Frameworks/Accelerate.framework/Versions/A/Frameworks/vImage.framework/Versions/A/vImage
0x00000001acc0b000 	/System/Library/Frameworks/Accelerate.framework/Versions/A/Frameworks/vecLib.framework/Versions/A/vecLib
0x00000001a7255000 	/System/Library/Frameworks/Accelerate.framework/Versions/A/Frameworks/vecLib.framework/Versions/A/libvMisc.dylib
0x00000001a5af5000 	/System/Library/Frameworks/Accelerate.framework/Versions/A/Frameworks/vecLib.framework/Versions/A/libvDSP.dylib
0x000000019c7c3000 	/System/Library/Frameworks/Accelerate.framework/Versions/A/Frameworks/vecLib.framework/Versions/A/libBLAS.dylib
0x00000001a6c79000 	/System/Library/Frameworks/Accelerate.framework/Versions/A/Frameworks/vecLib.framework/Versions/A/libLAPACK.dylib
0x00000001a6046000 	/System/Library/Frameworks/Accelerate.framework/Versions/A/Frameworks/vecLib.framework/Versions/A/libLinearAlgebra.dylib
0x00000001a6b90000 	/System/Library/Frameworks/Accelerate.framework/Versions/A/Frameworks/vecLib.framework/Versions/A/libSparseBLAS.dylib
0x00000001a6c74000 	/System/Library/Frameworks/Accelerate.framework/Versions/A/Frameworks/vecLib.framework/Versions/A/libQuadrature.dylib
0x00000001a5571000 	/System/Library/Frameworks/Accelerate.framework/Versions/A/Frameworks/vecLib.framework/Versions/A/libBNNS.dylib
0x000000019ca81000 	/System/Library/Frameworks/Accelerate.framework/Versions/A/Frameworks/vecLib.framework/Versions/A/libSparse.dylib
0x00000001a5569000 	/System/Library/PrivateFrameworks/LinguisticData.framework/Versions/A/LinguisticData
0x000000019ca37000 	/System/Library/PrivateFrameworks/Lexicon.framework/Versions/A/Lexicon
0x00000001a724d000 	/usr/lib/libChineseTokenizer.dylib
0x000000019d1de000 	/System/Library/PrivateFrameworks/LanguageModeling.framework/Versions/A/LanguageModeling
0x00000001a6b53000 	/System/Library/PrivateFrameworks/AppleSauce.framework/Versions/A/AppleSauce
0x00000001a5bd8000 	/System/Library/PrivateFrameworks/CoreEmoji.framework/Versions/A/CoreEmoji
0x00000001a6a42000 	/usr/lib/libcmph.dylib
0x00000001a335f000 	/System/Library/Frameworks/OpenDirectory.framework/Versions/A/Frameworks/CFOpenDirectory.framework/Versions/A/CFOpenDirectory
0x00000001a334f000 	/System/Library/Frameworks/OpenDirectory.framework/Versions/A/OpenDirectory
0x00000001a71ab000 	/System/Library/PrivateFrameworks/APFS.framework/Versions/A/APFS
0x00000001a5f04000 	/System/Library/Frameworks/SecurityFoundation.framework/Versions/A/SecurityFoundation
0x00000001a721f000 	/usr/lib/libutil.dylib
0x000000019e91f000 	/System/Library/PrivateFrameworks/CoreServicesStore.framework/Versions/A/CoreServicesStore
0x00000001a7223000 	/usr/lib/libxslt.1.dylib
0x00000001a5f98000 	/System/Library/PrivateFrameworks/BackgroundTaskManagement.framework/Versions/A/BackgroundTaskManagement
0x00000001a8486000 	/System/Library/Frameworks/ImageIO.framework/Versions/A/Resources/libRadiance.dylib
0x00000001a848f000 	/System/Library/Frameworks/ImageIO.framework/Versions/A/Resources/libJPEG.dylib
0x00000001a83e1000 	/System/Library/Frameworks/ImageIO.framework/Versions/A/Resources/libPng.dylib
0x00000001a8403000 	/System/Library/Frameworks/ImageIO.framework/Versions/A/Resources/libTIFF.dylib
0x00000001a84ea000 	/System/Library/Frameworks/ImageIO.framework/Versions/A/Resources/libGIF.dylib
0x00000001a7e2f000 	/System/Library/Frameworks/ImageIO.framework/Versions/A/Resources/libJP2.dylib
0x00000001a7574000 	/usr/lib/libexpat.1.dylib
0x00000001a7dea000 	/System/Library/PrivateFrameworks/AppleJPEG.framework/Versions/A/AppleJPEG
0x00000001a499d000 	/System/Library/PrivateFrameworks/FontServices.framework/libFontParser.dylib
0x00000001a26ae000 	/System/Library/PrivateFrameworks/RunningBoardServices.framework/Versions/A/RunningBoardServices
0x00000001b2b7f000 	/System/Library/PrivateFrameworks/IOSurfaceAccelerator.framework/Versions/A/IOSurfaceAccelerator
0x00000001a7f1b000 	/System/Library/PrivateFrameworks/WatchdogClient.framework/Versions/A/WatchdogClient
0x000000019d2e2000 	/System/Library/Frameworks/CoreDisplay.framework/Versions/A/CoreDisplay
0x00000001a488b000 	/System/Library/Frameworks/CoreMedia.framework/Versions/A/CoreMedia
0x00000001a471f000 	/System/Library/PrivateFrameworks/IOAccelerator.framework/Versions/A/IOAccelerator
0x00000001a34ed000 	/System/Library/Frameworks/CoreVideo.framework/Versions/A/CoreVideo
0x00000001a6ba3000 	/System/Library/Frameworks/MetalPerformanceShaders.framework/Versions/A/MetalPerformanceShaders
0x00000001a7f58000 	/System/Library/Frameworks/VideoToolbox.framework/Versions/A/VideoToolbox
0x00000001a25f2000 	/System/Library/PrivateFrameworks/BaseBoard.framework/Versions/A/BaseBoard
0x00000001a2391000 	/System/Library/PrivateFrameworks/ProtocolBuffer.framework/Versions/A/ProtocolBuffer
0x00000001a8481000 	/System/Library/PrivateFrameworks/GPUWrangler.framework/Versions/A/GPUWrangler
0x00000001a8460000 	/System/Library/PrivateFrameworks/IOPresentment.framework/Versions/A/IOPresentment
0x00000001a8489000 	/System/Library/PrivateFrameworks/DSExternalDisplay.framework/Versions/A/DSExternalDisplay
0x00000001fd2b0000 	/System/Library/Frameworks/OpenGL.framework/Versions/A/Libraries/libCoreFSCache.dylib
0x0000000206a71000 	/System/Library/PrivateFrameworks/GPUCompiler.framework/Versions/31001/Libraries/libGPUCompilerUtils.dylib
0x00000001a84ef000 	/System/Library/PrivateFrameworks/CMCaptureCore.framework/Versions/A/CMCaptureCore
0x00000001a7b28000 	/System/Library/PrivateFrameworks/AppServerSupport.framework/Versions/A/AppServerSupport
0x00000001a9cc8000 	/System/Library/PrivateFrameworks/perfdata.framework/Versions/A/perfdata
0x000000019d402000 	/System/Library/PrivateFrameworks/AudioToolboxCore.framework/Versions/A/AudioToolboxCore
0x00000001a4863000 	/System/Library/PrivateFrameworks/caulk.framework/Versions/A/caulk
0x00000001a95bd000 	/usr/lib/libAudioStatistics.dylib
0x00000001baec3000 	/System/Library/PrivateFrameworks/SystemPolicy.framework/Versions/A/SystemPolicy
0x00000001a981d000 	/usr/lib/libSMC.dylib
0x00000001b23ee000 	/System/Library/Frameworks/CoreMIDI.framework/Versions/A/CoreMIDI
0x00000001a83af000 	/usr/lib/libAudioToolboxUtility.dylib
0x00000001b72fc000 	/System/Library/PrivateFrameworks/OSAServicesClient.framework/Versions/A/OSAServicesClient
0x00000001a9cd5000 	/usr/lib/libperfcheck.dylib
0x00000001bb9c6000 	/usr/lib/libmis.dylib
0x00000001fd311000 	/System/Library/Frameworks/OpenGL.framework/Versions/A/Libraries/libGLU.dylib
0x00000001fd2d0000 	/System/Library/Frameworks/OpenGL.framework/Versions/A/Libraries/libGFXShared.dylib
0x00000001fd4ba000 	/System/Library/Frameworks/OpenGL.framework/Versions/A/Libraries/libGL.dylib
0x00000001fd2d9000 	/System/Library/Frameworks/OpenGL.framework/Versions/A/Libraries/libGLImage.dylib
0x00000001fd2cd000 	/System/Library/Frameworks/OpenGL.framework/Versions/A/Libraries/libCVMSPluginSupport.dylib
0x00000001fd2b7000 	/System/Library/Frameworks/OpenGL.framework/Versions/A/Libraries/libCoreVMClient.dylib
0x00000001a53f5000 	/System/Library/Frameworks/MetalPerformanceShaders.framework/Versions/A/Frameworks/MPSCore.framework/Versions/A/MPSCore
0x00000001a6561000 	/System/Library/Frameworks/MetalPerformanceShaders.framework/Versions/A/Frameworks/MPSImage.framework/Versions/A/MPSImage
0x00000001a605b000 	/System/Library/Frameworks/MetalPerformanceShaders.framework/Versions/A/Frameworks/MPSNeuralNetwork.framework/Versions/A/MPSNeuralNetwork
0x00000001a6498000 	/System/Library/Frameworks/MetalPerformanceShaders.framework/Versions/A/Frameworks/MPSMatrix.framework/Versions/A/MPSMatrix
0x00000001a6273000 	/System/Library/Frameworks/MetalPerformanceShaders.framework/Versions/A/Frameworks/MPSRayIntersector.framework/Versions/A/MPSRayIntersector
0x00000001a64c9000 	/System/Library/Frameworks/MetalPerformanceShaders.framework/Versions/A/Frameworks/MPSNDArray.framework/Versions/A/MPSNDArray
0x00000001fefe7000 	/System/Library/Frameworks/MetalPerformanceShaders.framework/Versions/A/Frameworks/MPSFunctions.framework/Versions/A/MPSFunctions
0x000000019c6a1000 	/System/Library/PrivateFrameworks/MetalTools.framework/Versions/A/MetalTools
0x00000001a5472000 	/System/Library/PrivateFrameworks/AggregateDictionary.framework/Versions/A/AggregateDictionary
0x00000001a735a000 	/usr/lib/libIOReport.dylib
0x00000001b13d5000 	/System/Library/PrivateFrameworks/ASEProcessing.framework/Versions/A/ASEProcessing
0x00000001a76cd000 	/System/Library/PrivateFrameworks/FaceCore.framework/Versions/A/FaceCore
0x00000001a76bf000 	/System/Library/PrivateFrameworks/GraphVisualizer.framework/Versions/A/GraphVisualizer
0x0000000206988000 	/System/Library/PrivateFrameworks/FontServices.framework/Versions/A/FontServices
0x00000001a7ae2000 	/System/Library/PrivateFrameworks/OTSVG.framework/Versions/A/OTSVG
0x00000001a30bb000 	/System/Library/Frameworks/ApplicationServices.framework/Versions/A/Frameworks/ATS.framework/Versions/A/Resources/libFontRegistry.dylib
0x00000001a7b31000 	/System/Library/PrivateFrameworks/FontServices.framework/libhvf.dylib
0x0000000206989000 	/System/Library/PrivateFrameworks/FontServices.framework/libXTFontStaticRegistryData.dylib
0x00000001fd65c000 	/System/Library/Frameworks/OpenCL.framework/Versions/A/OpenCL
0x00000001a7528000 	/System/Library/PrivateFrameworks/AppleVA.framework/Versions/A/AppleVA
0x00000001a95e5000 	/System/Library/Frameworks/ApplicationServices.framework/Versions/A/Frameworks/ATS.framework/Versions/A/ATS
0x00000001a1b55000 	/System/Library/Frameworks/ApplicationServices.framework/Versions/A/Frameworks/HIServices.framework/Versions/A/HIServices
0x00000001a84f9000 	/System/Library/Frameworks/ApplicationServices.framework/Versions/A/Frameworks/PrintCore.framework/Versions/A/PrintCore
0x00000001a9970000 	/System/Library/Frameworks/ApplicationServices.framework/Versions/A/Frameworks/QD.framework/Versions/A/QD
0x00000001a9968000 	/System/Library/Frameworks/ApplicationServices.framework/Versions/A/Frameworks/ColorSyncLegacy.framework/Versions/A/ColorSyncLegacy
0x00000001a95d1000 	/System/Library/Frameworks/ApplicationServices.framework/Versions/A/Frameworks/SpeechSynthesis.framework/Versions/A/SpeechSynthesis
0x00000001a84ba000 	/System/Library/Frameworks/ApplicationServices.framework/Versions/A/Frameworks/ATSUI.framework/Versions/A/ATSUI
0x00000001a98fd000 	/usr/lib/libcups.2.dylib
0x00000001a9ce3000 	/System/Library/Frameworks/Kerberos.framework/Versions/A/Kerberos
0x00000001a9cf4000 	/System/Library/Frameworks/GSS.framework/Versions/A/GSS
0x00000001a9654000 	/usr/lib/libresolv.9.dylib
0x00000001a7b3f000 	/System/Library/PrivateFrameworks/Heimdal.framework/Versions/A/Heimdal
0x00000001b0645000 	/System/Library/Frameworks/Kerberos.framework/Versions/A/Libraries/libHeimdalProxy.dylib
0x00000001a278d000 	/System/Library/Frameworks/Network.framework/Versions/A/Network
0x00000001a758f000 	/usr/lib/libheimdal-asn1.dylib
0x00000001a9d3a000 	/System/Library/PrivateFrameworks/CommonAuth.framework/Versions/A/CommonAuth
0x00000001a954b000 	/System/Library/PrivateFrameworks/AudioSession.framework/Versions/A/AudioSession
0x00000001a7620000 	/System/Library/PrivateFrameworks/MediaExperience.framework/Versions/A/MediaExperience
0x00000001a93d3000 	/System/Library/PrivateFrameworks/AudioSession.framework/libSessionUtility.dylib
0x00000001a997c000 	/System/Library/PrivateFrameworks/AudioResourceArbitration.framework/Versions/A/AudioResourceArbitration
0x00000001ada87000 	/System/Library/PrivateFrameworks/PowerLog.framework/Versions/A/PowerLog
0x00000001a7598000 	/System/Library/PrivateFrameworks/IconFoundation.framework/Versions/A/IconFoundation
0x00000001ac837000 	/System/Library/PrivateFrameworks/SpeechRecognitionCore.framework/Versions/A/SpeechRecognitionCore
0x000000010331c000 	/Library/Java/JavaVirtualMachines/temurin-17.jdk/Contents/Home/lib/server/libjvm.dylib
0x0000000102334000 	/Library/Java/JavaVirtualMachines/temurin-17.jdk/Contents/Home/lib/libjimage.dylib
0x00000001023bc000 	/Library/Java/JavaVirtualMachines/temurin-17.jdk/Contents/Home/lib/libjava.dylib
0x0000000103250000 	/Library/Java/JavaVirtualMachines/temurin-17.jdk/Contents/Home/lib/libnio.dylib
0x0000000103294000 	/Library/Java/JavaVirtualMachines/temurin-17.jdk/Contents/Home/lib/libnet.dylib
0x0000000103230000 	/Library/Java/JavaVirtualMachines/temurin-17.jdk/Contents/Home/lib/libzip.dylib
0x0000000103270000 	/Users/ellawipatene/.openjfx/cache/17/libprism_es2.dylib
0x000000019e8e2000 	/System/Library/PrivateFrameworks/CoreServicesInternal.framework/Versions/A/CoreServicesInternal
0x00000001fd4c4000 	/System/Library/Frameworks/OpenGL.framework/Versions/A/Resources/GLEngine.bundle/GLEngine
0x00000001fd34b000 	/System/Library/Frameworks/OpenGL.framework/Versions/A/Libraries/libGLProgrammability.dylib
0x0000000123584000 	/System/Library/Extensions/AppleMetalOpenGLRenderer.bundle/Contents/MacOS/AppleMetalOpenGLRenderer
0x00000001fd633000 	/System/Library/Frameworks/OpenGL.framework/Versions/A/Resources/GLRendererFloat.bundle/GLRendererFloat
0x00000001fd6d4000 	/System/Library/Extensions/AGXMetal13_3.bundle/Contents/MacOS/AGXMetal13_3
0x00000001bb9e2000 	/System/Library/PrivateFrameworks/GPURawCounter.framework/Versions/A/GPURawCounter
0x00000001b6483000 	/System/Library/PrivateFrameworks/IOGPU.framework/Versions/A/IOGPU
0x00000001234ac000 	/Users/ellawipatene/.openjfx/cache/17/libglass.dylib
0x00000001adcdb000 	/System/Library/Frameworks/FileProvider.framework/Versions/A/FileProvider
0x00000001a255a000 	/System/Library/Frameworks/Accounts.framework/Versions/A/Accounts
0x00000001ade5b000 	/System/Library/PrivateFrameworks/GenerationalStorage.framework/Versions/A/GenerationalStorage
0x00000001aea11000 	/System/Library/PrivateFrameworks/CoreSymbolication.framework/Versions/A/CoreSymbolication
0x00000001ada7b000 	/System/Library/PrivateFrameworks/SymptomDiagnosticReporter.framework/Versions/A/SymptomDiagnosticReporter
0x000000019fbcb000 	/System/Library/PrivateFrameworks/DesktopServicesPriv.framework/Versions/A/DesktopServicesPriv
0x000000019ea42000 	/usr/lib/libsandbox.1.dylib
0x00000001a357a000 	/System/Library/PrivateFrameworks/UserManagement.framework/Versions/A/UserManagement
0x00000001ae9d2000 	/System/Library/PrivateFrameworks/DebugSymbols.framework/Versions/A/DebugSymbols
0x00000001a995b000 	/System/Library/PrivateFrameworks/NetAuth.framework/Versions/A/NetAuth
0x00000001aa860000 	/System/Library/PrivateFrameworks/Sharing.framework/Versions/A/Sharing
0x00000001a354a000 	/System/Library/PrivateFrameworks/login.framework/Versions/A/Frameworks/loginsupport.framework/Versions/A/loginsupport
0x00000001afb89000 	/System/Library/PrivateFrameworks/Apple80211.framework/Versions/A/Apple80211
0x00000001a6645000 	/System/Library/PrivateFrameworks/AuthKit.framework/Versions/A/AuthKit
0x00000001a5cd7000 	/System/Library/PrivateFrameworks/CoreUtils.framework/Versions/A/CoreUtils
0x00000001a5bf7000 	/System/Library/Frameworks/CoreWLAN.framework/Versions/A/CoreWLAN
0x00000001aa9ca000 	/System/Library/Frameworks/IOBluetooth.framework/Versions/A/IOBluetooth
0x00000001afbe9000 	/System/Library/PrivateFrameworks/CoreWiFi.framework/Versions/A/CoreWiFi
0x00000001ae5b9000 	/System/Library/PrivateFrameworks/FrontBoardServices.framework/Versions/A/FrontBoardServices
0x00000001ae651000 	/System/Library/PrivateFrameworks/BoardServices.framework/Versions/A/BoardServices
0x00000001a5ef2000 	/System/Library/PrivateFrameworks/AssertionServices.framework/Versions/A/AssertionServices
0x00000001afd57000 	/System/Library/PrivateFrameworks/BackBoardServices.framework/Versions/A/BackBoardServices
0x00000001a9dcd000 	/System/Library/PrivateFrameworks/CorePhoneNumbers.framework/Versions/A/CorePhoneNumbers
0x00000001adbab000 	/System/Library/PrivateFrameworks/DiskManagement.framework/Versions/A/DiskManagement
0x00000001adaae000 	/System/Library/PrivateFrameworks/AppleIDAuthSupport.framework/Versions/A/AppleIDAuthSupport
0x00000002012b0000 	/System/Library/PrivateFrameworks/AAAFoundation.framework/Versions/A/AAAFoundation
0x00000001a9dac000 	/System/Library/PrivateFrameworks/KeychainCircle.framework/Versions/A/KeychainCircle
0x00000001adb77000 	/System/Library/PrivateFrameworks/MediaKit.framework/Versions/A/MediaKit
0x00000001adabb000 	/System/Library/Frameworks/DiscRecording.framework/Versions/A/DiscRecording
0x00000001a74a4000 	/usr/lib/libCoreStorage.dylib
0x00000001b0053000 	/usr/lib/libcsfde.dylib
0x00000001aaa9f000 	/System/Library/PrivateFrameworks/ProtectedCloudStorage.framework/Versions/A/ProtectedCloudStorage
0x00000001b004b000 	/System/Library/PrivateFrameworks/EFILogin.framework/Versions/A/EFILogin
0x00000001ade82000 	/System/Library/PrivateFrameworks/OctagonTrust.framework/Versions/A/OctagonTrust
0x0000000205bd4000 	/System/Library/PrivateFrameworks/CoreUtilsExtras.framework/Versions/A/CoreUtilsExtras
0x00000001ad9f1000 	/System/Library/Frameworks/CoreBluetooth.framework/Versions/A/CoreBluetooth
0x00000001b06ca000 	/System/Library/Frameworks/AudioUnit.framework/Versions/A/AudioUnit
0x00000001a749c000 	/usr/lib/libMatch.1.dylib
0x00000001bfcc5000 	/System/Library/Frameworks/Accelerate.framework/Versions/A/Frameworks/vImage.framework/Versions/A/Libraries/libCGInterfaces.dylib
0x00000001236e4000 	/usr/lib/libobjc-trampolines.dylib
0x00000001a3247000 	/System/Library/PrivateFrameworks/ViewBridge.framework/Versions/A/ViewBridge
0x000000020194f000 	/System/Library/PrivateFrameworks/AccessibilityBundles.framework/Versions/A/AccessibilityBundles
0x00000001a7bed000 	/System/Library/PrivateFrameworks/login.framework/Versions/A/login
0x0000000126e7c000 	/Users/ellawipatene/.openjfx/cache/17/libjavafx_font.dylib
0x000000021919c000 	/usr/lib/libRosetta.dylib


VM Arguments:
jvm_args: -XX:+ShowCodeDetailsInExceptionMessages --module-path=/Users/ellawipatene/Downloads/UNI/2022/COMP261/assignment-3-master/target/classes:/Users/ellawipatene/.m2/repository/org/openjfx/javafx-controls/17/javafx-controls-17-mac-aarch64.jar:/Users/ellawipatene/.m2/repository/org/openjfx/javafx-graphics/17/javafx-graphics-17-mac-aarch64.jar:/Users/ellawipatene/.m2/repository/org/openjfx/javafx-base/17/javafx-base-17-mac-aarch64.jar:/Users/ellawipatene/.m2/repository/org/openjfx/javafx-fxml/17/javafx-fxml-17-mac-aarch64.jar -Djdk.module.main=comp261.tut3 
java_command: comp261.tut3/comp261.assig3.Main
java_class_path (initial): /Users/ellawipatene/.m2/repository/org/openjfx/javafx-controls/17/javafx-controls-17.jar:/Users/ellawipatene/.m2/repository/org/openjfx/javafx-graphics/17/javafx-graphics-17.jar:/Users/ellawipatene/.m2/repository/org/openjfx/javafx-base/17/javafx-base-17.jar:/Users/ellawipatene/.m2/repository/org/openjfx/javafx-fxml/17/javafx-fxml-17.jar
Launcher Type: SUN_STANDARD

[Global flags]
     intx CICompilerCount                          = 4                                         {product} {ergonomic}
     uint ConcGCThreads                            = 2                                         {product} {ergonomic}
     uint G1ConcRefinementThreads                  = 8                                         {product} {ergonomic}
   size_t G1HeapRegionSize                         = 1048576                                   {product} {ergonomic}
    uintx GCDrainStackTargetSize                   = 64                                        {product} {ergonomic}
   size_t InitialHeapSize                          = 134217728                                 {product} {ergonomic}
   size_t MarkStackSize                            = 4194304                                   {product} {ergonomic}
   size_t MaxHeapSize                              = 2147483648                                {product} {ergonomic}
   size_t MaxNewSize                               = 1287651328                                {product} {ergonomic}
   size_t MinHeapDeltaBytes                        = 1048576                                   {product} {ergonomic}
   size_t MinHeapSize                              = 8388608                                   {product} {ergonomic}
    uintx NonNMethodCodeHeapSize                   = 5839564                                {pd product} {ergonomic}
    uintx NonProfiledCodeHeapSize                  = 122909338                              {pd product} {ergonomic}
    uintx ProfiledCodeHeapSize                     = 122909338                              {pd product} {ergonomic}
    uintx ReservedCodeCacheSize                    = 251658240                              {pd product} {ergonomic}
     bool SegmentedCodeCache                       = true                                      {product} {ergonomic}
     bool ShowCodeDetailsInExceptionMessages       = true                                   {manageable} {command line}
   size_t SoftMaxHeapSize                          = 2147483648                             {manageable} {ergonomic}
     bool UseCompressedClassPointers               = true                           {product lp64_product} {ergonomic}
     bool UseCompressedOops                        = true                           {product lp64_product} {ergonomic}
     bool UseG1GC                                  = true                                      {product} {ergonomic}
     bool UseNUMA                                  = false                                     {product} {ergonomic}
     bool UseNUMAInterleaving                      = false                                     {product} {ergonomic}

Logging:
Log output configuration:
 #0: stdout all=warning uptime,level,tags
 #1: stderr all=off uptime,level,tags

Environment Variables:
PATH=/usr/local/bin:/usr/bin:/bin:/usr/sbin:/sbin
SHELL=/bin/zsh
LANG=en_GB.UTF-8

Signal Handlers:
   SIGSEGV: _ZL13crash_handleriP9__siginfoPv in libjvm.dylib, mask=11100110000111110111111111111111, flags=SA_RESTART|SA_SIGINFO
    SIGBUS: _ZL13crash_handleriP9__siginfoPv in libjvm.dylib, mask=11100110000111110111111111111111, flags=SA_RESTART|SA_SIGINFO
    SIGFPE: _ZL13crash_handleriP9__siginfoPv in libjvm.dylib, mask=11100110000111110111111111111111, flags=SA_RESTART|SA_SIGINFO
   SIGPIPE: _ZL17javaSignalHandleriP9__siginfoPv in libjvm.dylib, mask=11100110000111110111111111111111, flags=SA_RESTART|SA_SIGINFO
   SIGXFSZ: _ZL17javaSignalHandleriP9__siginfoPv in libjvm.dylib, mask=11100110000111110111111111111111, flags=SA_RESTART|SA_SIGINFO
    SIGILL: _ZL13crash_handleriP9__siginfoPv in libjvm.dylib, mask=11100110000111110111111111111111, flags=SA_RESTART|SA_SIGINFO
   SIGUSR2: _ZL10SR_handleriP9__siginfoP17__darwin_ucontext in libjvm.dylib, mask=00000000000000000000000000000000, flags=SA_RESTART|SA_SIGINFO
    SIGHUP: _ZL11UserHandleriPvS_ in libjvm.dylib, mask=11100110000111110111111111111111, flags=SA_RESTART|SA_SIGINFO
    SIGINT: _ZL11UserHandleriPvS_ in libjvm.dylib, mask=11100110000111110111111111111111, flags=SA_RESTART|SA_SIGINFO
   SIGTERM: _ZL11UserHandleriPvS_ in libjvm.dylib, mask=11100110000111110111111111111111, flags=SA_RESTART|SA_SIGINFO
   SIGQUIT: _ZL11UserHandleriPvS_ in libjvm.dylib, mask=11100110000111110111111111111111, flags=SA_RESTART|SA_SIGINFO
   SIGTRAP: _ZL13crash_handleriP9__siginfoPv in libjvm.dylib, mask=11100110000111110111111111111111, flags=SA_RESTART|SA_SIGINFO


---------------  S Y S T E M  ---------------

OS:
uname: Darwin 21.2.0 Darwin Kernel Version 21.2.0: Sun Nov 28 20:29:10 PST 2021; root:xnu-8019.61.5~1/RELEASE_ARM64_T8101 arm64
OS uptime: 17 days 1:07 hours
rlimit (soft/hard): STACK 8176k/65520k , CORE 0k/infinity , NPROC 1333/2000 , NOFILE 10240/infinity , AS infinity/infinity , CPU infinity/infinity , DATA infinity/infinity , FSIZE infinity/infinity , MEMLOCK infinity/infinity , RSS infinity/infinity
load average: 2.02 1.83 1.53

CPU: total 8 (initial active 8) 0x61:0x0:0x1b588bb3:0, fp, simd, crc, lse

Memory: 16k page, physical 8388608k(101248k free), swap 1048576k(913920k free)

vm_info: OpenJDK 64-Bit Server VM (17.0.2+8) for bsd-aarch64 JRE (17.0.2+8), built on Jan 20 2022 10:58:36 by "jenkins" with clang Apple LLVM 12.0.0 (clang-1200.0.32.29)

END.
